\BOOKMARK [0][]{section*.1}{\376\377\000E\000l\000e\000n\000c\000o\000\040\000d\000e\000l\000l\000e\000\040\000t\000a\000b\000e\000l\000l\000e}{}% 1
\BOOKMARK [0][]{section*.2}{\376\377\000E\000l\000e\000n\000c\000o\000\040\000d\000e\000l\000l\000e\000\040\000f\000i\000g\000u\000r\000e}{}% 2
\BOOKMARK [-1][]{part.1}{\376\377\000I\000\040\000I\000n\000t\000r\000o\000d\000u\000z\000i\000o\000n\000e}{}% 3
\BOOKMARK [0][]{chapter.1}{\376\377\000S\000t\000o\000r\000i\000a\000\040\000d\000e\000l\000\040\000f\000i\000l\000t\000r\000a\000g\000g\000i\000o\000\040\000e\000\040\000p\000r\000i\000n\000c\000i\000p\000a\000l\000i\000\040\000p\000r\000o\000b\000l\000e\000m\000i\000\040\000a\000f\000f\000r\000o\000n\000t\000a\000t\000i}{part.1}% 4
\BOOKMARK [1][]{section.1.1}{\376\377\000F\000i\000l\000t\000r\000a\000g\000g\000i\000o\000\040\000a\000n\000a\000l\000o\000g\000i\000c\000o}{chapter.1}% 5
\BOOKMARK [1][]{section.1.2}{\376\377\000I\000m\000m\000a\000g\000i\000n\000i\000\040\000d\000i\000g\000i\000t\000a\000l\000i}{chapter.1}% 6
\BOOKMARK [1][]{section.1.3}{\376\377\000F\000i\000l\000t\000r\000a\000g\000g\000i\000o\000\040\000d\000i\000g\000i\000t\000a\000l\000e}{chapter.1}% 7
\BOOKMARK [0][]{chapter.2}{\376\377\000N\000o\000z\000i\000o\000n\000i\000\040\000i\000n\000t\000r\000o\000d\000u\000t\000t\000i\000v\000e}{part.1}% 8
\BOOKMARK [1][]{section.2.1}{\376\377\000I\000m\000m\000a\000g\000i\000n\000i\000\040\000d\000i\000g\000i\000t\000a\000l\000i}{chapter.2}% 9
\BOOKMARK [1][]{section.2.2}{\376\377\000C\000o\000s\000a\000\040\000s\000o\000n\000o\000\040\000i\000\040\000f\000i\000l\000t\000r\000i}{chapter.2}% 10
\BOOKMARK [0][]{chapter.3}{\376\377\000P\000r\000i\000n\000c\000i\000p\000a\000l\000i\000\040\000p\000r\000o\000b\000l\000e\000m\000i\000\040\000d\000i\000\040\000e\000l\000a\000b\000o\000r\000a\000z\000i\000o\000n\000e\000\040\000d\000i\000g\000i\000t\000a\000l\000e}{part.1}% 11
\BOOKMARK [1][]{section.3.1}{\376\377\000R\000o\000t\000a\000z\000i\000o\000n\000i\000,\000\040\000r\000i\000f\000l\000e\000s\000s\000i\000o\000n\000i\000,\000e\000t\000c}{chapter.3}% 12
\BOOKMARK [1][]{section.3.2}{\376\377\000C\000a\000m\000b\000i\000o\000\040\000p\000r\000o\000s\000p\000e\000t\000t\000i\000v\000a}{chapter.3}% 13
\BOOKMARK [1][]{section.3.3}{\376\377\000M\000o\000r\000p\000h\000i\000n\000g}{chapter.3}% 14
\BOOKMARK [-1][]{part.2}{\376\377\000I\000I\000\040\000T\000r\000a\000t\000t\000a\000z\000i\000o\000n\000e\000\040\000d\000e\000l\000\040\000p\000r\000o\000b\000l\000e\000m\000a}{}% 15
\BOOKMARK [0][]{chapter.4}{\376\377\000E\000q\000u\000a\000z\000i\000o\000n\000e\000\040\000d\000e\000l\000\040\000c\000a\000l\000o\000r\000e\000\040\000e\000\040\000m\000e\000t\000o\000d\000o\000\040\000P\000e\000r\000o\000n\000a\000-\000M\000a\000l\000i\000k}{part.2}% 16
\BOOKMARK [1][]{section.4.1}{\376\377\000M\000e\000t\000o\000d\000o\000\040\000d\000e\000l\000l\000e\000\040\000d\000i\000f\000f\000e\000r\000e\000n\000z\000e\000\040\000f\000i\000n\000i\000t\000e}{chapter.4}% 17
\BOOKMARK [1][]{section.4.2}{\376\377\000E\000r\000r\000o\000r\000e\000\040\000d\000i\000\040\000t\000r\000o\000n\000c\000a\000m\000e\000n\000t\000o}{chapter.4}% 18
\BOOKMARK [1][]{section.4.3}{\376\377\000L\000'\000e\000q\000u\000a\000z\000i\000o\000n\000e\000\040\000d\000e\000l\000\040\000c\000a\000l\000o\000r\000e}{chapter.4}% 19
\BOOKMARK [1][]{section.4.4}{\376\377\000R\000i\000l\000e\000v\000a\000m\000e\000n\000t\000o\000\040\000d\000e\000i\000\040\000b\000o\000r\000d\000i}{chapter.4}% 20
